<?xml version="1.0" encoding="UTF-8"?>
<!-- Generated by org.testng.reporters.JUnitReportReporter -->
<testsuite name="basicautomatiolevel.Insurance_SignUpNLogin" tests="3" time="14.427" ignored="0" failures="0" timestamp="23 Dec 2021 02:52:53 GMT" skipped="0" hostname="LAPTOP-206J2RRK" errors="0">
  <testcase name="userLogin_valiCredentials" time="3.637" classname="basicautomatiolevel.Insurance_SignUpNLogin"/>
  <testcase name="logout" time="1.578" classname="basicautomatiolevel.Insurance_SignUpNLogin"/>
  <testcase name="user_register" time="9.212" classname="basicautomatiolevel.Insurance_SignUpNLogin"/>
</testsuite> <!-- basicautomatiolevel.Insurance_SignUpNLogin -->
