<?xml version="1.0" encoding="UTF-8"?>
<!-- Generated by org.testng.reporters.JUnitReportReporter -->
<testsuite name="Tests.LoginTests" tests="1" time="8.877" ignored="0" failures="0" timestamp="23 Dec 2021 02:55:37 GMT" skipped="0" hostname="LAPTOP-206J2RRK" errors="0">
  <testcase name="test_successfulLogin" time="8.877" classname="Tests.LoginTests"/>
</testsuite> <!-- Tests.LoginTests -->
