<?xml version="1.0" encoding="UTF-8"?>
<!-- Generated by org.testng.reporters.JUnitReportReporter -->
<testsuite name="Tests.UserRegistrationTests" tests="1" time="10.388" ignored="0" failures="0" timestamp="23 Dec 2021 02:55:13 GMT" skipped="0" hostname="LAPTOP-206J2RRK" errors="0">
  <testcase name="test_successfulUserResgistration" time="10.388" classname="Tests.UserRegistrationTests"/>
</testsuite> <!-- Tests.UserRegistrationTests -->
